#! /usr/bin/vvp
:ivl_version "0.9.7 " "(v0_9_7)";
:vpi_time_precision - 12;
:vpi_module "system";
:vpi_module "v2005_math";
:vpi_module "va_math";
S_0x21ff8e0 .scope module, "ex" "ex" 2 4;
 .timescale -9 -12;
L_0x224a130 .functor NOT 34, L_0x224bf50, C4<0000000000000000000000000000000000>, C4<0000000000000000000000000000000000>, C4<0000000000000000000000000000000000>;
L_0x224ccc0 .functor OR 1, L_0x224ca00, L_0x224cb30, C4<0>, C4<0>;
L_0x224d000 .functor AND 1, L_0x224cdc0, L_0x224cf60, C4<1>, C4<1>;
L_0x224cf00 .functor AND 1, L_0x224d100, L_0x224d230, C4<1>, C4<1>;
L_0x224d500 .functor AND 1, L_0x224cf00, L_0x224d390, C4<1>, C4<1>;
L_0x224d600 .functor OR 1, L_0x224d000, L_0x224d500, C4<0>, C4<0>;
L_0x224d890 .functor AND 1, L_0x224d7a0, L_0x224d9c0, C4<1>, C4<1>;
L_0x224dc90 .functor AND 1, L_0x224d890, L_0x224dbf0, C4<1>, C4<1>;
L_0x224dde0 .functor OR 1, L_0x224d600, L_0x224dc90, C4<0>, C4<0>;
v0x221b5a0_0 .net *"_s0", 33 0, L_0x224be30; 1 drivers
v0x2249b10_0 .net *"_s10", 33 0, L_0x224c400; 1 drivers
v0x2249bb0_0 .net *"_s12", 33 0, C4<0000000000000000000000000000000001>; 1 drivers
v0x2249c50_0 .net *"_s14", 33 0, L_0x224c5e0; 1 drivers
v0x2249d00_0 .net *"_s20", 4 0, C4<00011>; 1 drivers
v0x2249da0_0 .net *"_s22", 0 0, L_0x224ca00; 1 drivers
v0x2249e80_0 .net *"_s24", 4 0, C4<01101>; 1 drivers
v0x2249f20_0 .net *"_s26", 0 0, L_0x224cb30; 1 drivers
v0x224a010_0 .net *"_s28", 0 0, L_0x224ccc0; 1 drivers
v0x224a0b0_0 .net *"_s3", 1 0, C4<00>; 1 drivers
v0x224a1b0_0 .net *"_s31", 0 0, L_0x224cdc0; 1 drivers
v0x224a250_0 .net *"_s33", 0 0, L_0x224ce60; 1 drivers
v0x224a360_0 .net *"_s35", 0 0, L_0x224cf60; 1 drivers
v0x224a400_0 .net *"_s36", 0 0, L_0x224d000; 1 drivers
v0x224a520_0 .net *"_s39", 0 0, L_0x224d100; 1 drivers
v0x224a5c0_0 .net *"_s4", 33 0, L_0x224bf50; 1 drivers
v0x224a480_0 .net *"_s41", 0 0, L_0x224d230; 1 drivers
v0x224a710_0 .net *"_s42", 0 0, L_0x224cf00; 1 drivers
v0x224a830_0 .net *"_s45", 0 0, L_0x224d390; 1 drivers
v0x224a8b0_0 .net *"_s46", 0 0, L_0x224d500; 1 drivers
v0x224a790_0 .net *"_s48", 0 0, L_0x224d600; 1 drivers
v0x224a9e0_0 .net *"_s51", 0 0, L_0x224d700; 1 drivers
v0x224a930_0 .net *"_s53", 0 0, L_0x224d7a0; 1 drivers
v0x224ab20_0 .net *"_s55", 0 0, L_0x224d920; 1 drivers
v0x224aa80_0 .net *"_s57", 0 0, L_0x224d9c0; 1 drivers
v0x224ac70_0 .net *"_s58", 0 0, L_0x224d890; 1 drivers
v0x224abc0_0 .net *"_s61", 0 0, L_0x224dbf0; 1 drivers
v0x224add0_0 .net *"_s62", 0 0, L_0x224dc90; 1 drivers
v0x224ad10_0 .net *"_s64", 0 0, L_0x224dde0; 1 drivers
v0x224af40_0 .net *"_s66", 0 0, L_0x224dee0; 1 drivers
v0x224ae50_0 .net *"_s7", 1 0, C4<00>; 1 drivers
v0x224b0c0_0 .net *"_s8", 33 0, L_0x224a130; 1 drivers
v0x224afc0_0 .net "addr_base", 31 0, C4<zzzzzzzzzzzzzzzzzzzzzzzzzzzzzzzz>; 0 drivers
v0x224b250_0 .var "addr_o", 31 0;
v0x224b140_0 .net "addr_off", 31 0, C4<zzzzzzzzzzzzzzzzzzzzzzzzzzzzzzzz>; 0 drivers
v0x224b3f0_0 .net "aluop_i", 4 0, C4<zzzzz>; 0 drivers
v0x224b2d0_0 .net "alusel_i", 2 0, C4<zzz>; 0 drivers
v0x224b370_0 .var "arithout", 31 0;
v0x224b5b0_0 .net "jump_type_i", 1 0, C4<zz>; 0 drivers
v0x224b630_0 .var "logicout", 31 0;
v0x224b470_0 .net "memfunct_i", 2 0, C4<zzz>; 0 drivers
v0x224b510_0 .var "memfunct_o", 2 0;
v0x224b810_0 .net "memop_i", 1 0, C4<zz>; 0 drivers
v0x224b890_0 .var "memop_o", 1 0;
v0x224b6b0_0 .net "reg1_eq_reg2", 0 0, L_0x224c840; 1 drivers
v0x224b750_0 .net "reg1_i", 31 0, C4<zzzzzzzzzzzzzzzzzzzzzzzzzzzzzzzz>; 0 drivers
v0x224ba90_0 .net "reg1_lt_reg2", 0 0, L_0x224dab0; 1 drivers
v0x224bb10_0 .net "reg2_i", 31 0, C4<zzzzzzzzzzzzzzzzzzzzzzzzzzzzzzzz>; 0 drivers
v0x224b930_0 .net "rst", 0 0, C4<z>; 0 drivers
v0x224b9d0_0 .var "shiftout", 31 0;
v0x224bd30_0 .net "sub_res", 31 0, L_0x224c750; 1 drivers
v0x224bdb0_0 .net "wd_i", 4 0, C4<zzzzz>; 0 drivers
v0x224bbb0_0 .var "wd_o", 4 0;
v0x224bc50_0 .var "wdata_o", 31 0;
v0x224bff0_0 .net "wreg_i", 0 0, C4<z>; 0 drivers
v0x224c070_0 .var "wreg_o", 0 0;
E_0x21ff180/0 .event edge, v0x224bdb0_0, v0x224bff0_0, v0x224b810_0, v0x224b470_0;
E_0x21ff180/1 .event edge, v0x224b2d0_0, v0x224b630_0, v0x224b370_0, v0x224b9d0_0;
E_0x21ff180 .event/or E_0x21ff180/0, E_0x21ff180/1;
E_0x2201720/0 .event edge, v0x224b930_0, v0x224b3f0_0, v0x224b750_0, v0x224bb10_0;
E_0x2201720/1 .event edge, v0x224bd30_0, v0x224ba90_0, v0x224b6b0_0;
E_0x2201720 .event/or E_0x2201720/0, E_0x2201720/1;
E_0x21ff9d0/0 .event edge, v0x224b930_0, v0x224b5b0_0, v0x224b890_0, v0x224afc0_0;
E_0x21ff9d0/1 .event edge, v0x224b140_0;
E_0x21ff9d0 .event/or E_0x21ff9d0/0, E_0x21ff9d0/1;
L_0x224be30 .concat [ 32 2 0 0], C4<zzzzzzzzzzzzzzzzzzzzzzzzzzzzzzzz>, C4<00>;
L_0x224bf50 .concat [ 32 2 0 0], C4<zzzzzzzzzzzzzzzzzzzzzzzzzzzzzzzz>, C4<00>;
L_0x224c400 .arith/sum 34, L_0x224be30, L_0x224a130;
L_0x224c5e0 .arith/sum 34, L_0x224c400, C4<0000000000000000000000000000000001>;
L_0x224c750 .part L_0x224c5e0, 0, 32;
L_0x224c840 .cmp/eq 32, C4<zzzzzzzzzzzzzzzzzzzzzzzzzzzzzzzz>, C4<zzzzzzzzzzzzzzzzzzzzzzzzzzzzzzzz>;
L_0x224ca00 .cmp/eq 5, C4<zzzzz>, C4<00011>;
L_0x224cb30 .cmp/eq 5, C4<zzzzz>, C4<01101>;
L_0x224cdc0 .part C4<zzzzzzzzzzzzzzzzzzzzzzzzzzzzzzzz>, 31, 1;
L_0x224ce60 .part C4<zzzzzzzzzzzzzzzzzzzzzzzzzzzzzzzz>, 31, 1;
L_0x224cf60 .reduce/nor L_0x224ce60;
L_0x224d100 .part C4<zzzzzzzzzzzzzzzzzzzzzzzzzzzzzzzz>, 31, 1;
L_0x224d230 .part C4<zzzzzzzzzzzzzzzzzzzzzzzzzzzzzzzz>, 31, 1;
L_0x224d390 .part L_0x224c750, 31, 1;
L_0x224d700 .part C4<zzzzzzzzzzzzzzzzzzzzzzzzzzzzzzzz>, 31, 1;
L_0x224d7a0 .reduce/nor L_0x224d700;
L_0x224d920 .part C4<zzzzzzzzzzzzzzzzzzzzzzzzzzzzzzzz>, 31, 1;
L_0x224d9c0 .reduce/nor L_0x224d920;
L_0x224dbf0 .part L_0x224c750, 31, 1;
L_0x224dee0 .cmp/gt 32, C4<zzzzzzzzzzzzzzzzzzzzzzzzzzzzzzzz>, C4<zzzzzzzzzzzzzzzzzzzzzzzzzzzzzzzz>;
L_0x224dab0 .functor MUXZ 1, L_0x224dee0, L_0x224dde0, L_0x224ccc0, C4<>;
    .scope S_0x21ff8e0;
T_0 ;
    %wait E_0x21ff9d0;
    %load/v 8, v0x224b930_0, 1;
    %jmp/0xz  T_0.0, 8;
    %ix/load 0, 32, 0;
    %assign/v0 v0x224b250_0, 0, 0;
    %jmp T_0.1;
T_0.0 ;
    %load/v 8, v0x224b5b0_0, 2;
    %cmpi/u 8, 0, 2;
    %inv 4, 1;
    %mov 8, 4, 1;
    %load/v 9, v0x224b890_0, 2;
    %cmpi/u 9, 0, 2;
    %inv 4, 1;
    %or 8, 4, 1;
    %jmp/0xz  T_0.2, 8;
    %load/v 8, v0x224afc0_0, 32;
    %load/v 40, v0x224b140_0, 32;
    %add 8, 40, 32;
    %ix/load 0, 32, 0;
    %assign/v0 v0x224b250_0, 0, 8;
    %jmp T_0.3;
T_0.2 ;
    %ix/load 0, 32, 0;
    %assign/v0 v0x224b250_0, 0, 0;
T_0.3 ;
T_0.1 ;
    %jmp T_0;
    .thread T_0, $push;
    .scope S_0x21ff8e0;
T_1 ;
    %wait E_0x2201720;
    %load/v 8, v0x224b930_0, 1;
    %jmp/0xz  T_1.0, 8;
    %ix/load 0, 32, 0;
    %assign/v0 v0x224b630_0, 0, 0;
    %ix/load 0, 32, 0;
    %assign/v0 v0x224b370_0, 0, 0;
    %ix/load 0, 32, 0;
    %assign/v0 v0x224b9d0_0, 0, 0;
    %jmp T_1.1;
T_1.0 ;
    %ix/load 0, 32, 0;
    %assign/v0 v0x224b630_0, 0, 0;
    %ix/load 0, 32, 0;
    %assign/v0 v0x224b370_0, 0, 0;
    %ix/load 0, 32, 0;
    %assign/v0 v0x224b9d0_0, 0, 0;
    %load/v 8, v0x224b3f0_0, 5;
    %cmpi/u 8, 6, 5;
    %jmp/1 T_1.2, 6;
    %cmpi/u 8, 1, 5;
    %jmp/1 T_1.3, 6;
    %cmpi/u 8, 2, 5;
    %jmp/1 T_1.4, 6;
    %cmpi/u 8, 3, 5;
    %jmp/1 T_1.5, 6;
    %cmpi/u 8, 4, 5;
    %jmp/1 T_1.6, 6;
    %cmpi/u 8, 5, 5;
    %jmp/1 T_1.7, 6;
    %cmpi/u 8, 6, 5;
    %jmp/1 T_1.8, 6;
    %cmpi/u 8, 7, 5;
    %jmp/1 T_1.9, 6;
    %cmpi/u 8, 8, 5;
    %jmp/1 T_1.10, 6;
    %cmpi/u 8, 9, 5;
    %jmp/1 T_1.11, 6;
    %cmpi/u 8, 10, 5;
    %jmp/1 T_1.12, 6;
    %cmpi/u 8, 11, 5;
    %jmp/1 T_1.13, 6;
    %cmpi/u 8, 12, 5;
    %jmp/1 T_1.14, 6;
    %cmpi/u 8, 13, 5;
    %jmp/1 T_1.15, 6;
    %cmpi/u 8, 14, 5;
    %jmp/1 T_1.16, 6;
    %jmp T_1.17;
T_1.2 ;
    %load/v 8, v0x224b750_0, 32;
    %load/v 40, v0x224bb10_0, 32;
    %or 8, 40, 32;
    %ix/load 0, 32, 0;
    %assign/v0 v0x224b630_0, 0, 8;
    %jmp T_1.17;
T_1.3 ;
    %load/v 8, v0x224b750_0, 32;
    %load/v 40, v0x224bb10_0, 32;
    %add 8, 40, 32;
    %ix/load 0, 32, 0;
    %assign/v0 v0x224b370_0, 0, 8;
    %jmp T_1.17;
T_1.4 ;
    %load/v 8, v0x224bd30_0, 32;
    %ix/load 0, 32, 0;
    %assign/v0 v0x224b370_0, 0, 8;
    %jmp T_1.17;
T_1.5 ;
    %load/v 8, v0x224ba90_0, 1;
    %mov 9, 0, 31;
    %ix/load 0, 32, 0;
    %assign/v0 v0x224b370_0, 0, 8;
    %jmp T_1.17;
T_1.6 ;
    %load/v 8, v0x224ba90_0, 1;
    %mov 9, 0, 31;
    %ix/load 0, 32, 0;
    %assign/v0 v0x224b370_0, 0, 8;
    %jmp T_1.17;
T_1.7 ;
    %load/v 8, v0x224b750_0, 32;
    %load/v 40, v0x224bb10_0, 32;
    %xor 8, 40, 32;
    %ix/load 0, 32, 0;
    %assign/v0 v0x224b630_0, 0, 8;
    %jmp T_1.17;
T_1.8 ;
    %load/v 8, v0x224b750_0, 32;
    %load/v 40, v0x224bb10_0, 32;
    %or 8, 40, 32;
    %ix/load 0, 32, 0;
    %assign/v0 v0x224b630_0, 0, 8;
    %jmp T_1.17;
T_1.9 ;
    %load/v 8, v0x224b750_0, 32;
    %load/v 40, v0x224bb10_0, 32;
    %and 8, 40, 32;
    %ix/load 0, 32, 0;
    %assign/v0 v0x224b630_0, 0, 8;
    %jmp T_1.17;
T_1.10 ;
    %load/v 8, v0x224b750_0, 32;
    %load/v 40, v0x224bb10_0, 5; Only need 5 of 32 bits
; Save base=40 wid=5 in lookaside.
    %ix/get 0, 40, 5;
    %shiftl/i0  8, 32;
    %ix/load 0, 32, 0;
    %assign/v0 v0x224b9d0_0, 0, 8;
    %jmp T_1.17;
T_1.11 ;
    %load/v 8, v0x224b750_0, 32;
    %load/v 40, v0x224bb10_0, 5; Only need 5 of 32 bits
; Save base=40 wid=5 in lookaside.
    %ix/get 0, 40, 5;
    %shiftr/i0  8, 32;
    %ix/load 0, 32, 0;
    %assign/v0 v0x224b9d0_0, 0, 8;
    %jmp T_1.17;
T_1.12 ;
    %load/v 8, v0x224b750_0, 32;
    %load/v 40, v0x224bb10_0, 5; Only need 5 of 32 bits
; Save base=40 wid=5 in lookaside.
    %ix/get 0, 40, 5;
    %shiftr/i0  8, 32;
    %ix/load 1, 31, 0;
    %mov 4, 0, 1;
    %jmp/1 T_1.18, 4;
    %load/x1p 72, v0x224b750_0, 1;
    %jmp T_1.19;
T_1.18 ;
    %mov 72, 2, 1;
T_1.19 ;
    %mov 40, 72, 1; Move signal select into place
    %mov 71, 40, 1; Repetition 32
    %mov 70, 40, 1; Repetition 31
    %mov 69, 40, 1; Repetition 30
    %mov 68, 40, 1; Repetition 29
    %mov 67, 40, 1; Repetition 28
    %mov 66, 40, 1; Repetition 27
    %mov 65, 40, 1; Repetition 26
    %mov 64, 40, 1; Repetition 25
    %mov 63, 40, 1; Repetition 24
    %mov 62, 40, 1; Repetition 23
    %mov 61, 40, 1; Repetition 22
    %mov 60, 40, 1; Repetition 21
    %mov 59, 40, 1; Repetition 20
    %mov 58, 40, 1; Repetition 19
    %mov 57, 40, 1; Repetition 18
    %mov 56, 40, 1; Repetition 17
    %mov 55, 40, 1; Repetition 16
    %mov 54, 40, 1; Repetition 15
    %mov 53, 40, 1; Repetition 14
    %mov 52, 40, 1; Repetition 13
    %mov 51, 40, 1; Repetition 12
    %mov 50, 40, 1; Repetition 11
    %mov 49, 40, 1; Repetition 10
    %mov 48, 40, 1; Repetition 9
    %mov 47, 40, 1; Repetition 8
    %mov 46, 40, 1; Repetition 7
    %mov 45, 40, 1; Repetition 6
    %mov 44, 40, 1; Repetition 5
    %mov 43, 40, 1; Repetition 4
    %mov 42, 40, 1; Repetition 3
    %mov 41, 40, 1; Repetition 2
    %movi 72, 32, 6;
    %load/v 78, v0x224bb10_0, 5; Select 5 out of 32 bits
    %mov 83, 0, 1;
    %sub 72, 78, 6;
    %ix/get 0, 72, 6;
    %shiftl/i0  40, 32;
    %or 8, 40, 32;
    %ix/load 0, 32, 0;
    %assign/v0 v0x224b9d0_0, 0, 8;
    %jmp T_1.17;
T_1.13 ;
    %load/v 8, v0x224b6b0_0, 1;
    %mov 9, 0, 31;
    %ix/load 0, 32, 0;
    %assign/v0 v0x224b370_0, 0, 8;
    %jmp T_1.17;
T_1.14 ;
    %load/v 40, v0x224b6b0_0, 1;
    %inv 40, 1;
    %mov 8, 40, 1;
    %mov 9, 0, 31;
    %ix/load 0, 32, 0;
    %assign/v0 v0x224b370_0, 0, 8;
    %jmp T_1.17;
T_1.15 ;
    %load/v 40, v0x224ba90_0, 1;
    %inv 40, 1;
    %mov 8, 40, 1;
    %mov 9, 0, 31;
    %ix/load 0, 32, 0;
    %assign/v0 v0x224b370_0, 0, 8;
    %jmp T_1.17;
T_1.16 ;
    %load/v 40, v0x224ba90_0, 1;
    %inv 40, 1;
    %mov 8, 40, 1;
    %mov 9, 0, 31;
    %ix/load 0, 32, 0;
    %assign/v0 v0x224b370_0, 0, 8;
    %jmp T_1.17;
T_1.17 ;
T_1.1 ;
    %jmp T_1;
    .thread T_1, $push;
    .scope S_0x21ff8e0;
T_2 ;
    %wait E_0x21ff180;
    %load/v 8, v0x224bdb0_0, 5;
    %ix/load 0, 5, 0;
    %assign/v0 v0x224bbb0_0, 0, 8;
    %load/v 8, v0x224bff0_0, 1;
    %ix/load 0, 1, 0;
    %assign/v0 v0x224c070_0, 0, 8;
    %load/v 8, v0x224b810_0, 2;
    %ix/load 0, 2, 0;
    %assign/v0 v0x224b890_0, 0, 8;
    %load/v 8, v0x224b470_0, 3;
    %ix/load 0, 3, 0;
    %assign/v0 v0x224b510_0, 0, 8;
    %load/v 8, v0x224b2d0_0, 3;
    %cmpi/u 8, 1, 3;
    %jmp/1 T_2.0, 6;
    %cmpi/u 8, 2, 3;
    %jmp/1 T_2.1, 6;
    %cmpi/u 8, 3, 3;
    %jmp/1 T_2.2, 6;
    %ix/load 0, 32, 0;
    %assign/v0 v0x224bc50_0, 0, 0;
    %jmp T_2.4;
T_2.0 ;
    %load/v 8, v0x224b630_0, 32;
    %ix/load 0, 32, 0;
    %assign/v0 v0x224bc50_0, 0, 8;
    %jmp T_2.4;
T_2.1 ;
    %load/v 8, v0x224b370_0, 32;
    %ix/load 0, 32, 0;
    %assign/v0 v0x224bc50_0, 0, 8;
    %jmp T_2.4;
T_2.2 ;
    %load/v 8, v0x224b9d0_0, 32;
    %ix/load 0, 32, 0;
    %assign/v0 v0x224bc50_0, 0, 8;
    %jmp T_2.4;
T_2.4 ;
    %jmp T_2;
    .thread T_2, $push;
# The file index is used to find the file name in the following table.
:file_names 3;
    "N/A";
    "<interactive>";
    "ex.v";
