#-----------------------------------------------------------
# Vivado v2017.3 (64-bit)
# SW Build 2018833 on Wed Oct  4 19:58:22 MDT 2017
# IP Build 2016188 on Wed Oct  4 21:52:56 MDT 2017
# Start of session at: Tue Dec 12 21:22:00 2017
# Process ID: 13116
# Current directory: C:/Users/99486/Desktop/architecture/risc-v/risc-v
# Command line: vivado.exe -gui_launcher_event rodinguilauncherevent336 C:\Users\99486\Desktop\architecture\risc-v\risc-v\risc-v.xpr
# Log file: C:/Users/99486/Desktop/architecture/risc-v/risc-v/vivado.log
# Journal file: C:/Users/99486/Desktop/architecture/risc-v/risc-v\vivado.jou
#-----------------------------------------------------------
start_gui
open_project C:/Users/99486/Desktop/architecture/risc-v/risc-v/risc-v.xpr
Scanning sources...
Finished scanning sources
INFO: [IP_Flow 19-234] Refreshing IP repositories
INFO: [IP_Flow 19-1704] No user IP repositories specified
INFO: [IP_Flow 19-2313] Loaded Vivado IP repository 'D:/Vivado/Vivado/2017.3/data/ip'.
open_project: Time (s): cpu = 00:00:15 ; elapsed = 00:00:07 . Memory (MB): peak = 744.816 ; gain = 75.809
file mkdir C:/Users/99486/Desktop/architecture/risc-v/risc-v/risc-v.srcs/sources_1/new
close [ open C:/Users/99486/Desktop/architecture/risc-v/risc-v/risc-v.srcs/sources_1/new/defines.vh w ]
add_files C:/Users/99486/Desktop/architecture/risc-v/risc-v/risc-v.srcs/sources_1/new/defines.vh
update_compile_order -fileset sources_1
close [ open C:/Users/99486/Desktop/architecture/risc-v/risc-v/risc-v.srcs/sources_1/new/mem.v w ]
add_files C:/Users/99486/Desktop/architecture/risc-v/risc-v/risc-v.srcs/sources_1/new/mem.v
close [ open C:/Users/99486/Desktop/architecture/risc-v/risc-v/risc-v.srcs/sources_1/new/pc_reg.v w ]
add_files C:/Users/99486/Desktop/architecture/risc-v/risc-v/risc-v.srcs/sources_1/new/pc_reg.v
close [ open C:/Users/99486/Desktop/architecture/risc-v/risc-v/risc-v.srcs/sources_1/new/if_id.v w ]
add_files C:/Users/99486/Desktop/architecture/risc-v/risc-v/risc-v.srcs/sources_1/new/if_id.v
close [ open C:/Users/99486/Desktop/architecture/risc-v/risc-v/risc-v.srcs/sources_1/new/ex_mem.v w ]
add_files C:/Users/99486/Desktop/architecture/risc-v/risc-v/risc-v.srcs/sources_1/new/ex_mem.v
close [ open C:/Users/99486/Desktop/architecture/risc-v/risc-v/risc-v.srcs/sources_1/new/id_ex.v w ]
add_files C:/Users/99486/Desktop/architecture/risc-v/risc-v/risc-v.srcs/sources_1/new/id_ex.v
close [ open C:/Users/99486/Desktop/architecture/risc-v/risc-v/risc-v.srcs/sources_1/new/ex.v w ]
add_files C:/Users/99486/Desktop/architecture/risc-v/risc-v/risc-v.srcs/sources_1/new/ex.v
close [ open C:/Users/99486/Desktop/architecture/risc-v/risc-v/risc-v.srcs/sources_1/new/id.v w ]
add_files C:/Users/99486/Desktop/architecture/risc-v/risc-v/risc-v.srcs/sources_1/new/id.v
close [ open C:/Users/99486/Desktop/architecture/risc-v/risc-v/risc-v.srcs/sources_1/new/regfile.v w ]
add_files C:/Users/99486/Desktop/architecture/risc-v/risc-v/risc-v.srcs/sources_1/new/regfile.v
close [ open C:/Users/99486/Desktop/architecture/risc-v/risc-v/risc-v.srcs/sources_1/new/mem_wb.v w ]
add_files C:/Users/99486/Desktop/architecture/risc-v/risc-v/risc-v.srcs/sources_1/new/mem_wb.v
update_compile_order -fileset sources_1
update_compile_order -fileset sources_1
exit
INFO: [Common 17-206] Exiting Vivado at Tue Dec 12 22:07:46 2017...
