#-----------------------------------------------------------
# Vivado v2017.3 (64-bit)
# SW Build 2018833 on Wed Oct  4 19:58:22 MDT 2017
# IP Build 2016188 on Wed Oct  4 21:52:56 MDT 2017
# Start of session at: Mon Jan  8 16:39:10 2018
# Process ID: 7468
# Current directory: C:/Users/99486/Desktop/architecture/risc-v/risc-v
# Command line: vivado.exe -gui_launcher_event rodinguilauncherevent2228 C:\Users\99486\Desktop\architecture\risc-v\risc-v\risc-v.xpr
# Log file: C:/Users/99486/Desktop/architecture/risc-v/risc-v/vivado.log
# Journal file: C:/Users/99486/Desktop/architecture/risc-v/risc-v\vivado.jou
#-----------------------------------------------------------
start_gui
open_project C:/Users/99486/Desktop/architecture/risc-v/risc-v/risc-v.xpr
Scanning sources...
Finished scanning sources
INFO: [IP_Flow 19-234] Refreshing IP repositories
INFO: [IP_Flow 19-1704] No user IP repositories specified
INFO: [IP_Flow 19-2313] Loaded Vivado IP repository 'D:/Vivado/Vivado/2017.3/data/ip'.
open_project: Time (s): cpu = 00:00:17 ; elapsed = 00:00:09 . Memory (MB): peak = 756.598 ; gain = 60.277
exit
INFO: [Common 17-206] Exiting Vivado at Mon Jan  8 16:39:42 2018...
