Copyright 1986-2017 Xilinx, Inc. All Rights Reserved.
-----------------------------------------------------------------------------------------------------
| Tool Version : Vivado v.2017.3 (win64) Build 2018833 Wed Oct  4 19:58:22 MDT 2017
| Date         : Fri Jan 12 03:27:04 2018
| Host         : Lenovo running 64-bit major release  (build 9200)
| Command      : report_drc -file cpu_drc_routed.rpt -pb sopc_drc_routed.pb -rpx sopc_drc_routed.rpx
| Design       : cpu
| Device       : xc7a35tcpg236-1
| Speed File   : -1
| Design State : Routed
-----------------------------------------------------------------------------------------------------

Report DRC

Table of Contents
-----------------
1. REPORT SUMMARY
2. REPORT DETAILS

1. REPORT SUMMARY
-----------------
            Netlist: netlist
          Floorplan: design_1
      Design limits: <entire design considered>
           Ruledeck: default
             Max violations: <unlimited>
             Violations found: 9
+----------+----------+-----------------------------------------------------+------------+
| Rule     | Severity | Description                                         | Violations |
+----------+----------+-----------------------------------------------------+------------+
| CFGBVS-1 | Warning  | Missing CFGBVS and CONFIG_VOLTAGE Design Properties | 1          |
| PDRC-153 | Warning  | Gated clock check                                   | 8          |
+----------+----------+-----------------------------------------------------+------------+

2. REPORT DETAILS
-----------------
CFGBVS-1#1 Warning
Missing CFGBVS and CONFIG_VOLTAGE Design Properties  
Neither the CFGBVS nor CONFIG_VOLTAGE voltage property is set in the current_design.  Configuration bank voltage select (CFGBVS) must be set to VCCO or GND, and CONFIG_VOLTAGE must be set to the correct configuration voltage, in order to determine the I/O voltage support for the pins in bank 0.  It is suggested to specify these either using the 'Edit Device Properties' function in the GUI or directly in the XDC file using the following syntax:

 set_property CFGBVS value1 [current_design]
 #where value1 is either VCCO or GND

 set_property CONFIG_VOLTAGE value2 [current_design]
 #where value2 is the voltage provided to configuration bank 0

Refer to the device configuration user guide for more information.
Related violations: <none>

PDRC-153#1 Warning
Gated clock check  
Net risc32i0/cache0/uart0/recv_buffer/E[0] is a gated clock net sourced by a combinational pin risc32i0/cache0/uart0/recv_buffer/read_data_value_reg[7]_i_1/O, cell risc32i0/cache0/uart0/recv_buffer/read_data_value_reg[7]_i_1. This is not good design practice and will likely impact performance. For SLICE registers, for example, use the CE pin to control the loading of data.
Related violations: <none>

PDRC-153#2 Warning
Gated clock check  
Net risc32i0/cache0/uart0/recv_buffer/E[1] is a gated clock net sourced by a combinational pin risc32i0/cache0/uart0/recv_buffer/read_data_value_reg[15]_i_1/O, cell risc32i0/cache0/uart0/recv_buffer/read_data_value_reg[15]_i_1. This is not good design practice and will likely impact performance. For SLICE registers, for example, use the CE pin to control the loading of data.
Related violations: <none>

PDRC-153#3 Warning
Gated clock check  
Net risc32i0/cache0/uart0/recv_buffer/E[2] is a gated clock net sourced by a combinational pin risc32i0/cache0/uart0/recv_buffer/read_data_value_reg[23]_i_1/O, cell risc32i0/cache0/uart0/recv_buffer/read_data_value_reg[23]_i_1. This is not good design practice and will likely impact performance. For SLICE registers, for example, use the CE pin to control the loading of data.
Related violations: <none>

PDRC-153#4 Warning
Gated clock check  
Net risc32i0/cache0/uart0/recv_buffer/E[3] is a gated clock net sourced by a combinational pin risc32i0/cache0/uart0/recv_buffer/read_data_value_reg[31]_i_1/O, cell risc32i0/cache0/uart0/recv_buffer/read_data_value_reg[31]_i_1. This is not good design practice and will likely impact performance. For SLICE registers, for example, use the CE pin to control the loading of data.
Related violations: <none>

PDRC-153#5 Warning
Gated clock check  
Net risc32i0/cache0/uart0/recv_buffer/id_inst_reg[24][0] is a gated clock net sourced by a combinational pin risc32i0/cache0/uart0/recv_buffer/inst_value_reg[7]_i_1/O, cell risc32i0/cache0/uart0/recv_buffer/inst_value_reg[7]_i_1. This is not good design practice and will likely impact performance. For SLICE registers, for example, use the CE pin to control the loading of data.
Related violations: <none>

PDRC-153#6 Warning
Gated clock check  
Net risc32i0/cache0/uart0/recv_buffer/id_inst_reg[24][1] is a gated clock net sourced by a combinational pin risc32i0/cache0/uart0/recv_buffer/inst_value_reg[15]_i_1/O, cell risc32i0/cache0/uart0/recv_buffer/inst_value_reg[15]_i_1. This is not good design practice and will likely impact performance. For SLICE registers, for example, use the CE pin to control the loading of data.
Related violations: <none>

PDRC-153#7 Warning
Gated clock check  
Net risc32i0/cache0/uart0/recv_buffer/id_inst_reg[24][2] is a gated clock net sourced by a combinational pin risc32i0/cache0/uart0/recv_buffer/inst_value_reg[23]_i_2/O, cell risc32i0/cache0/uart0/recv_buffer/inst_value_reg[23]_i_2. This is not good design practice and will likely impact performance. For SLICE registers, for example, use the CE pin to control the loading of data.
Related violations: <none>

PDRC-153#8 Warning
Gated clock check  
Net risc32i0/cache0/uart0/recv_buffer/id_inst_reg[24][3] is a gated clock net sourced by a combinational pin risc32i0/cache0/uart0/recv_buffer/inst_value_reg[31]_i_2/O, cell risc32i0/cache0/uart0/recv_buffer/inst_value_reg[31]_i_2. This is not good design practice and will likely impact performance. For SLICE registers, for example, use the CE pin to control the loading of data.
Related violations: <none>


