
*** Running vivado
    with args -log clk_wiz_0.vds -m64 -product Vivado -mode batch -messageDb vivado.pb -notrace -source clk_wiz_0.tcl


****** Vivado v2017.3 (64-bit)
  **** SW Build 2018833 on Wed Oct  4 19:58:22 MDT 2017
  **** IP Build 2016188 on Wed Oct  4 21:52:56 MDT 2017
    ** Copyright 1986-2017 Xilinx, Inc. All Rights Reserved.

source clk_wiz_0.tcl -notrace
Starting RTL Elaboration : Time (s): cpu = 00:00:13 ; elapsed = 00:00:15 . Memory (MB): peak = 354.883 ; gain = 98.926
INFO: [Synth 8-638] synthesizing module 'clk_wiz_0' [c:/Users/99486/Desktop/architecture/risc-v/risc-v/risc-v.srcs/sources_1/ip/clk_wiz_0/clk_wiz_0.v:70]
INFO: [Synth 8-638] synthesizing module 'clk_wiz_0_clk_wiz' [c:/Users/99486/Desktop/architecture/risc-v/risc-v/risc-v.srcs/sources_1/ip/clk_wiz_0/clk_wiz_0_clk_wiz.v:68]
INFO: [Synth 8-638] synthesizing module 'IBUF' [D:/Vivado/Vivado/2017.3/scripts/rt/data/unisim_comp.v:19468]
INFO: [Synth 8-256] done synthesizing module 'IBUF' (1#1) [D:/Vivado/Vivado/2017.3/scripts/rt/data/unisim_comp.v:19468]
INFO: [Synth 8-638] synthesizing module 'MMCME2_ADV' [D:/Vivado/Vivado/2017.3/scripts/rt/data/unisim_comp.v:25757]
INFO: [Synth 8-256] done synthesizing module 'MMCME2_ADV' (2#1) [D:/Vivado/Vivado/2017.3/scripts/rt/data/unisim_comp.v:25757]
INFO: [Synth 8-638] synthesizing module 'BUFG' [D:/Vivado/Vivado/2017.3/scripts/rt/data/unisim_comp.v:607]
INFO: [Synth 8-256] done synthesizing module 'BUFG' (3#1) [D:/Vivado/Vivado/2017.3/scripts/rt/data/unisim_comp.v:607]
INFO: [Synth 8-256] done synthesizing module 'clk_wiz_0_clk_wiz' (4#1) [c:/Users/99486/Desktop/architecture/risc-v/risc-v/risc-v.srcs/sources_1/ip/clk_wiz_0/clk_wiz_0_clk_wiz.v:68]
INFO: [Synth 8-256] done synthesizing module 'clk_wiz_0' (5#1) [c:/Users/99486/Desktop/architecture/risc-v/risc-v/risc-v.srcs/sources_1/ip/clk_wiz_0/clk_wiz_0.v:70]
Finished RTL Elaboration : Time (s): cpu = 00:00:15 ; elapsed = 00:00:17 . Memory (MB): peak = 407.117 ; gain = 151.160
Finished RTL Optimization Phase 1 : Time (s): cpu = 00:00:15 ; elapsed = 00:00:17 . Memory (MB): peak = 407.117 ; gain = 151.160
INFO: [Device 21-403] Loading part xc7a35tcpg236-1
Constraint Validation Runtime : Time (s): cpu = 00:00:00 ; elapsed = 00:00:00.022 . Memory (MB): peak = 650.059 ; gain = 0.000
Finished Constraint Validation : Time (s): cpu = 00:00:41 ; elapsed = 00:00:46 . Memory (MB): peak = 650.059 ; gain = 394.102
Finished Loading Part and Timing Information : Time (s): cpu = 00:00:41 ; elapsed = 00:00:46 . Memory (MB): peak = 650.059 ; gain = 394.102
Finished applying 'set_property' XDC Constraints : Time (s): cpu = 00:00:41 ; elapsed = 00:00:46 . Memory (MB): peak = 650.059 ; gain = 394.102
Finished RTL Optimization Phase 2 : Time (s): cpu = 00:00:41 ; elapsed = 00:00:46 . Memory (MB): peak = 650.059 ; gain = 394.102
Finished Cross Boundary and Area Optimization : Time (s): cpu = 00:00:42 ; elapsed = 00:00:47 . Memory (MB): peak = 650.059 ; gain = 394.102
Finished Applying XDC Timing Constraints : Time (s): cpu = 00:01:02 ; elapsed = 00:01:09 . Memory (MB): peak = 705.004 ; gain = 449.047
Finished Timing Optimization : Time (s): cpu = 00:01:02 ; elapsed = 00:01:09 . Memory (MB): peak = 705.004 ; gain = 449.047
Finished Technology Mapping : Time (s): cpu = 00:01:02 ; elapsed = 00:01:09 . Memory (MB): peak = 714.531 ; gain = 458.574
Finished IO Insertion : Time (s): cpu = 00:01:04 ; elapsed = 00:01:11 . Memory (MB): peak = 714.531 ; gain = 458.574
Finished Renaming Generated Instances : Time (s): cpu = 00:01:04 ; elapsed = 00:01:11 . Memory (MB): peak = 714.531 ; gain = 458.574
Finished Rebuilding User Hierarchy : Time (s): cpu = 00:01:05 ; elapsed = 00:01:11 . Memory (MB): peak = 714.531 ; gain = 458.574
Finished Renaming Generated Ports : Time (s): cpu = 00:01:05 ; elapsed = 00:01:11 . Memory (MB): peak = 714.531 ; gain = 458.574
Finished Handling Custom Attributes : Time (s): cpu = 00:01:05 ; elapsed = 00:01:11 . Memory (MB): peak = 714.531 ; gain = 458.574
Finished Renaming Generated Nets : Time (s): cpu = 00:01:05 ; elapsed = 00:01:11 . Memory (MB): peak = 714.531 ; gain = 458.574

Report Cell Usage: 
+------+-----------+------+
|      |Cell       |Count |
+------+-----------+------+
|1     |BUFG       |     2|
|2     |MMCME2_ADV |     1|
|3     |IBUF       |     1|
+------+-----------+------+
Finished Writing Synthesis Report : Time (s): cpu = 00:01:05 ; elapsed = 00:01:11 . Memory (MB): peak = 714.531 ; gain = 458.574
synth_design: Time (s): cpu = 00:01:07 ; elapsed = 00:01:15 . Memory (MB): peak = 728.477 ; gain = 479.918
